<?xml version="1.0" encoding="UTF-8"?>
<testsuite name="ru.netology.service.CashbackHackServiceTest" tests="3" skipped="0" failures="0" errors="0" timestamp="2023-08-24T20:57:59" hostname="DESKTOP-J2PPI4G" time="0.003">
  <properties/>
  <testcase name="testRemainLowerBoundary" classname="ru.netology.service.CashbackHackServiceTest" time="0.003"/>
  <testcase name="testRemainHigherBoundary" classname="ru.netology.service.CashbackHackServiceTest" time="0.0"/>
  <testcase name="testRemain" classname="ru.netology.service.CashbackHackServiceTest" time="0.0"/>
  <system-out><![CDATA[]]></system-out>
  <system-err><![CDATA[]]></system-err>
</testsuite>
